<?xml version="1.0" encoding="UTF-8"?>
<testng-results skipped="0" failed="0" total="1" passed="1">
  <reporter-output>
  </reporter-output>
  <suite name="Default suite" duration-ms="26737" started-at="2017-11-23T14:53:14Z" finished-at="2017-11-23T14:53:41Z">
    <groups>
    </groups>
    <test name="Default test" duration-ms="26737" started-at="2017-11-23T14:53:14Z" finished-at="2017-11-23T14:53:41Z">
      <class name="com.apex.pom.ecommerce.test.login.LoginTest">
        <test-method status="PASS" signature="setUp()[pri:0, instance:com.apex.pom.ecommerce.test.login.LoginTest@d2cc05a]" name="setUp" is-config="true" duration-ms="16749" started-at="2017-11-23T06:53:14Z" finished-at="2017-11-23T06:53:31Z">
          <reporter-output>
          </reporter-output>
        </test-method> <!-- setUp -->
        <test-method status="PASS" signature="sucessfulLogin(java.lang.String, java.lang.String)[pri:0, instance:com.apex.pom.ecommerce.test.login.LoginTest@d2cc05a]" name="sucessfulLogin" duration-ms="9512" started-at="2017-11-23T06:53:31Z" data-provider="getData" finished-at="2017-11-23T06:53:40Z">
          <params>
            <param index="0">
              <value>
                <![CDATA[Mehta@rocking.com]]>
              </value>
            </param>
            <param index="1">
              <value>
                <![CDATA[1234]]>
              </value>
            </param>
          </params>
          <reporter-output>
          </reporter-output>
        </test-method> <!-- sucessfulLogin -->
        <test-method status="PASS" signature="cleanUp()[pri:0, instance:com.apex.pom.ecommerce.test.login.LoginTest@d2cc05a]" name="cleanUp" is-config="true" duration-ms="44" started-at="2017-11-23T06:53:40Z" finished-at="2017-11-23T06:53:41Z">
          <reporter-output>
          </reporter-output>
        </test-method> <!-- cleanUp -->
      </class> <!-- com.apex.pom.ecommerce.test.login.LoginTest -->
    </test> <!-- Default test -->
  </suite> <!-- Default suite -->
</testng-results>
