<?xml version="1.0" encoding="UTF-8"?>
<testng-results skipped="0" failed="0" total="1" passed="1">
  <reporter-output>
  </reporter-output>
  <suite name="Default suite" duration-ms="51292" started-at="2018-01-03T16:31:24Z" finished-at="2018-01-03T16:32:15Z">
    <groups>
    </groups>
    <test name="Default test" duration-ms="51292" started-at="2018-01-03T16:31:24Z" finished-at="2018-01-03T16:32:15Z">
      <class name="com.apex.pom.ecommerce.test.Order.OrderTest">
        <test-method status="PASS" signature="setUp()[pri:0, instance:com.apex.pom.ecommerce.test.Order.OrderTest@5419f379]" name="setUp" is-config="true" duration-ms="35057" started-at="2018-01-03T08:31:24Z" finished-at="2018-01-03T08:31:59Z">
          <reporter-output>
          </reporter-output>
        </test-method> <!-- setUp -->
        <test-method status="PASS" signature="orderTest()[pri:2, instance:com.apex.pom.ecommerce.test.Order.OrderTest@5419f379]" name="orderTest" duration-ms="15747" started-at="2018-01-03T08:31:59Z" finished-at="2018-01-03T08:32:15Z">
          <reporter-output>
          </reporter-output>
        </test-method> <!-- orderTest -->
        <test-method status="PASS" signature="cleanUp()[pri:0, instance:com.apex.pom.ecommerce.test.Order.OrderTest@5419f379]" name="cleanUp" is-config="true" duration-ms="54" started-at="2018-01-03T08:32:15Z" finished-at="2018-01-03T08:32:15Z">
          <reporter-output>
          </reporter-output>
        </test-method> <!-- cleanUp -->
      </class> <!-- com.apex.pom.ecommerce.test.Order.OrderTest -->
    </test> <!-- Default test -->
  </suite> <!-- Default suite -->
</testng-results>
