<?xml version="1.0" encoding="UTF-8" ?>
<testsuite tests="9" failures="9" name="TestSuite" time="25.336" errors="0" skipped="0">
  <properties>
[...]
</properties>
  <testcase classname="com.apex.test.EcommerceRegistationTest" name="getRegPage" time="0.113">
    <failure type="java.lang.NullPointerException">java.lang.NullPointerException
	at com.apex.test.EcommerceRegistationTest.getRegPage(EcommerceRegistationTest.java:9)
</failure>
    <system-out>Configuring TestNG with: org.apache.maven.surefire.testng.conf.TestNG652Configurator@6a6824be
</system-out>
  </testcase>
  <testcase classname="com.apex.test.GoogleLoginTest" name="testWithSucessInput" time="6.727">
    <failure message="Unable to locate element: {&quot;method&quot;:&quot;name&quot;,&quot;selector&quot;:&quot;password&quot;}
Command duration or timeout: 165 milliseconds
For documentation on this error, please visit: http://seleniumhq.org/exceptions/no_such_element.html
Build info: version: &apos;2.53.0&apos;, revision: &apos;35ae25b1534ae328c771e0856c93e187490ca824&apos;, time: &apos;2016-03-15 10:43:46&apos;
System info: host: &apos;LAPTOP-IUSPVIV2&apos;, ip: &apos;192.168.0.14&apos;, os.name: &apos;Windows 10&apos;, os.arch: &apos;amd64&apos;, os.version: &apos;10.0&apos;, java.version: &apos;1.8.0_131&apos;
Driver info: org.openqa.selenium.firefox.FirefoxDriver
Capabilities [{applicationCacheEnabled=true, rotatable=false, handlesAlerts=true, databaseEnabled=true, version=46.0.1, platform=WINDOWS, nativeEvents=false, acceptSslCerts=true, webStorageEnabled=true, locationContextEnabled=true, browserName=firefox, takesScreenshot=true, javascriptEnabled=true, cssSelectorsEnabled=true}]
Session ID: 72ba4d11-2d5f-423f-8f5c-e7bdd6e197f8
*** Element info: {Using=name, value=password}" type="org.openqa.selenium.NoSuchElementException">org.openqa.selenium.NoSuchElementException: Unable to locate element: {&quot;method&quot;:&quot;name&quot;,&quot;selector&quot;:&quot;password&quot;}
Command duration or timeout: 165 milliseconds
For documentation on this error, please visit: http://seleniumhq.org/exceptions/no_such_element.html
Build info: version: &apos;2.53.0&apos;, revision: &apos;35ae25b1534ae328c771e0856c93e187490ca824&apos;, time: &apos;2016-03-15 10:43:46&apos;
System info: host: &apos;LAPTOP-IUSPVIV2&apos;, ip: &apos;192.168.0.14&apos;, os.name: &apos;Windows 10&apos;, os.arch: &apos;amd64&apos;, os.version: &apos;10.0&apos;, java.version: &apos;1.8.0_131&apos;
Driver info: org.openqa.selenium.firefox.FirefoxDriver
Capabilities [{applicationCacheEnabled=true, rotatable=false, handlesAlerts=true, databaseEnabled=true, version=46.0.1, platform=WINDOWS, nativeEvents=false, acceptSslCerts=true, webStorageEnabled=true, locationContextEnabled=true, browserName=firefox, takesScreenshot=true, javascriptEnabled=true, cssSelectorsEnabled=true}]
Session ID: 72ba4d11-2d5f-423f-8f5c-e7bdd6e197f8
*** Element info: {Using=name, value=password}
	at sun.reflect.NativeConstructorAccessorImpl.newInstance0(Native Method)
	at sun.reflect.NativeConstructorAccessorImpl.newInstance(NativeConstructorAccessorImpl.java:62)
	at sun.reflect.DelegatingConstructorAccessorImpl.newInstance(DelegatingConstructorAccessorImpl.java:45)
	at java.lang.reflect.Constructor.newInstance(Constructor.java:423)
	at org.openqa.selenium.remote.ErrorHandler.createThrowable(ErrorHandler.java:206)
	at org.openqa.selenium.remote.ErrorHandler.throwIfResponseFailed(ErrorHandler.java:158)
	at org.openqa.selenium.remote.RemoteWebDriver.execute(RemoteWebDriver.java:678)
	at org.openqa.selenium.remote.RemoteWebDriver.findElement(RemoteWebDriver.java:363)
	at org.openqa.selenium.remote.RemoteWebDriver.findElementByName(RemoteWebDriver.java:461)
	at org.openqa.selenium.By$ByName.findElement(By.java:303)
	at org.openqa.selenium.remote.RemoteWebDriver.findElement(RemoteWebDriver.java:355)
	at com.apex.test.GoogleLoginTest.testWithSucessInput(GoogleLoginTest.java:33)
Caused by: org.openqa.selenium.NoSuchElementException: Unable to locate element: {&quot;method&quot;:&quot;name&quot;,&quot;selector&quot;:&quot;password&quot;}
For documentation on this error, please visit: http://seleniumhq.org/exceptions/no_such_element.html
Build info: version: &apos;2.53.0&apos;, revision: &apos;35ae25b1534ae328c771e0856c93e187490ca824&apos;, time: &apos;2016-03-15 10:43:46&apos;
System info: host: &apos;LAPTOP-IUSPVIV2&apos;, ip: &apos;192.168.0.14&apos;, os.name: &apos;Windows 10&apos;, os.arch: &apos;amd64&apos;, os.version: &apos;10.0&apos;, java.version: &apos;1.8.0_131&apos;
Driver info: driver.version: unknown
	at &lt;anonymous class&gt;.FirefoxDriver.prototype.findElementInternal_(file:///C:/Users/HP/AppData/Local/Temp/anonymous8026422310727094692webdriver-profile/extensions/fxdriver@googlecode.com/components/driver-component.js:10770)
	at &lt;anonymous class&gt;.FirefoxDriver.prototype.findElement(file:///C:/Users/HP/AppData/Local/Temp/anonymous8026422310727094692webdriver-profile/extensions/fxdriver@googlecode.com/components/driver-component.js:10779)
	at &lt;anonymous class&gt;.DelayedCommand.prototype.executeInternal_/h(file:///C:/Users/HP/AppData/Local/Temp/anonymous8026422310727094692webdriver-profile/extensions/fxdriver@googlecode.com/components/command-processor.js:12661)
	at &lt;anonymous class&gt;.DelayedCommand.prototype.executeInternal_(file:///C:/Users/HP/AppData/Local/Temp/anonymous8026422310727094692webdriver-profile/extensions/fxdriver@googlecode.com/components/command-processor.js:12666)
	at &lt;anonymous class&gt;.DelayedCommand.prototype.execute/&lt;(file:///C:/Users/HP/AppData/Local/Temp/anonymous8026422310727094692webdriver-profile/extensions/fxdriver@googlecode.com/components/command-processor.js:12608)
</failure>
  </testcase>
  <testcase classname="com.apex.test.GoogleLoginTest" name="testWithSucessInput" time="4.791">
    <failure message="Unable to locate element: {&quot;method&quot;:&quot;name&quot;,&quot;selector&quot;:&quot;password&quot;}
Command duration or timeout: 67 milliseconds
For documentation on this error, please visit: http://seleniumhq.org/exceptions/no_such_element.html
Build info: version: &apos;2.53.0&apos;, revision: &apos;35ae25b1534ae328c771e0856c93e187490ca824&apos;, time: &apos;2016-03-15 10:43:46&apos;
System info: host: &apos;LAPTOP-IUSPVIV2&apos;, ip: &apos;192.168.0.14&apos;, os.name: &apos;Windows 10&apos;, os.arch: &apos;amd64&apos;, os.version: &apos;10.0&apos;, java.version: &apos;1.8.0_131&apos;
Driver info: org.openqa.selenium.firefox.FirefoxDriver
Capabilities [{applicationCacheEnabled=true, rotatable=false, handlesAlerts=true, databaseEnabled=true, version=46.0.1, platform=WINDOWS, nativeEvents=false, acceptSslCerts=true, webStorageEnabled=true, locationContextEnabled=true, browserName=firefox, takesScreenshot=true, javascriptEnabled=true, cssSelectorsEnabled=true}]
Session ID: 72ba4d11-2d5f-423f-8f5c-e7bdd6e197f8
*** Element info: {Using=name, value=password}" type="org.openqa.selenium.NoSuchElementException">org.openqa.selenium.NoSuchElementException: Unable to locate element: {&quot;method&quot;:&quot;name&quot;,&quot;selector&quot;:&quot;password&quot;}
Command duration or timeout: 67 milliseconds
For documentation on this error, please visit: http://seleniumhq.org/exceptions/no_such_element.html
Build info: version: &apos;2.53.0&apos;, revision: &apos;35ae25b1534ae328c771e0856c93e187490ca824&apos;, time: &apos;2016-03-15 10:43:46&apos;
System info: host: &apos;LAPTOP-IUSPVIV2&apos;, ip: &apos;192.168.0.14&apos;, os.name: &apos;Windows 10&apos;, os.arch: &apos;amd64&apos;, os.version: &apos;10.0&apos;, java.version: &apos;1.8.0_131&apos;
Driver info: org.openqa.selenium.firefox.FirefoxDriver
Capabilities [{applicationCacheEnabled=true, rotatable=false, handlesAlerts=true, databaseEnabled=true, version=46.0.1, platform=WINDOWS, nativeEvents=false, acceptSslCerts=true, webStorageEnabled=true, locationContextEnabled=true, browserName=firefox, takesScreenshot=true, javascriptEnabled=true, cssSelectorsEnabled=true}]
Session ID: 72ba4d11-2d5f-423f-8f5c-e7bdd6e197f8
*** Element info: {Using=name, value=password}
	at sun.reflect.NativeConstructorAccessorImpl.newInstance0(Native Method)
	at sun.reflect.NativeConstructorAccessorImpl.newInstance(NativeConstructorAccessorImpl.java:62)
	at sun.reflect.DelegatingConstructorAccessorImpl.newInstance(DelegatingConstructorAccessorImpl.java:45)
	at java.lang.reflect.Constructor.newInstance(Constructor.java:423)
	at org.openqa.selenium.remote.ErrorHandler.createThrowable(ErrorHandler.java:206)
	at org.openqa.selenium.remote.ErrorHandler.throwIfResponseFailed(ErrorHandler.java:158)
	at org.openqa.selenium.remote.RemoteWebDriver.execute(RemoteWebDriver.java:678)
	at org.openqa.selenium.remote.RemoteWebDriver.findElement(RemoteWebDriver.java:363)
	at org.openqa.selenium.remote.RemoteWebDriver.findElementByName(RemoteWebDriver.java:461)
	at org.openqa.selenium.By$ByName.findElement(By.java:303)
	at org.openqa.selenium.remote.RemoteWebDriver.findElement(RemoteWebDriver.java:355)
	at com.apex.test.GoogleLoginTest.testWithSucessInput(GoogleLoginTest.java:33)
Caused by: org.openqa.selenium.NoSuchElementException: Unable to locate element: {&quot;method&quot;:&quot;name&quot;,&quot;selector&quot;:&quot;password&quot;}
For documentation on this error, please visit: http://seleniumhq.org/exceptions/no_such_element.html
Build info: version: &apos;2.53.0&apos;, revision: &apos;35ae25b1534ae328c771e0856c93e187490ca824&apos;, time: &apos;2016-03-15 10:43:46&apos;
System info: host: &apos;LAPTOP-IUSPVIV2&apos;, ip: &apos;192.168.0.14&apos;, os.name: &apos;Windows 10&apos;, os.arch: &apos;amd64&apos;, os.version: &apos;10.0&apos;, java.version: &apos;1.8.0_131&apos;
Driver info: driver.version: unknown
	at &lt;anonymous class&gt;.FirefoxDriver.prototype.findElementInternal_(file:///C:/Users/HP/AppData/Local/Temp/anonymous8026422310727094692webdriver-profile/extensions/fxdriver@googlecode.com/components/driver-component.js:10770)
	at &lt;anonymous class&gt;.FirefoxDriver.prototype.findElement(file:///C:/Users/HP/AppData/Local/Temp/anonymous8026422310727094692webdriver-profile/extensions/fxdriver@googlecode.com/components/driver-component.js:10779)
	at &lt;anonymous class&gt;.DelayedCommand.prototype.executeInternal_/h(file:///C:/Users/HP/AppData/Local/Temp/anonymous8026422310727094692webdriver-profile/extensions/fxdriver@googlecode.com/components/command-processor.js:12661)
	at &lt;anonymous class&gt;.DelayedCommand.prototype.executeInternal_(file:///C:/Users/HP/AppData/Local/Temp/anonymous8026422310727094692webdriver-profile/extensions/fxdriver@googlecode.com/components/command-processor.js:12666)
	at &lt;anonymous class&gt;.DelayedCommand.prototype.execute/&lt;(file:///C:/Users/HP/AppData/Local/Temp/anonymous8026422310727094692webdriver-profile/extensions/fxdriver@googlecode.com/components/command-processor.js:12608)
</failure>
  </testcase>
  <testcase classname="com.apex.test.GoogleLoginTest" name="testWithSucessInput" time="4.828">
    <failure message="Unable to locate element: {&quot;method&quot;:&quot;name&quot;,&quot;selector&quot;:&quot;password&quot;}
Command duration or timeout: 54 milliseconds
For documentation on this error, please visit: http://seleniumhq.org/exceptions/no_such_element.html
Build info: version: &apos;2.53.0&apos;, revision: &apos;35ae25b1534ae328c771e0856c93e187490ca824&apos;, time: &apos;2016-03-15 10:43:46&apos;
System info: host: &apos;LAPTOP-IUSPVIV2&apos;, ip: &apos;192.168.0.14&apos;, os.name: &apos;Windows 10&apos;, os.arch: &apos;amd64&apos;, os.version: &apos;10.0&apos;, java.version: &apos;1.8.0_131&apos;
Driver info: org.openqa.selenium.firefox.FirefoxDriver
Capabilities [{applicationCacheEnabled=true, rotatable=false, handlesAlerts=true, databaseEnabled=true, version=46.0.1, platform=WINDOWS, nativeEvents=false, acceptSslCerts=true, webStorageEnabled=true, locationContextEnabled=true, browserName=firefox, takesScreenshot=true, javascriptEnabled=true, cssSelectorsEnabled=true}]
Session ID: 72ba4d11-2d5f-423f-8f5c-e7bdd6e197f8
*** Element info: {Using=name, value=password}" type="org.openqa.selenium.NoSuchElementException">org.openqa.selenium.NoSuchElementException: Unable to locate element: {&quot;method&quot;:&quot;name&quot;,&quot;selector&quot;:&quot;password&quot;}
Command duration or timeout: 54 milliseconds
For documentation on this error, please visit: http://seleniumhq.org/exceptions/no_such_element.html
Build info: version: &apos;2.53.0&apos;, revision: &apos;35ae25b1534ae328c771e0856c93e187490ca824&apos;, time: &apos;2016-03-15 10:43:46&apos;
System info: host: &apos;LAPTOP-IUSPVIV2&apos;, ip: &apos;192.168.0.14&apos;, os.name: &apos;Windows 10&apos;, os.arch: &apos;amd64&apos;, os.version: &apos;10.0&apos;, java.version: &apos;1.8.0_131&apos;
Driver info: org.openqa.selenium.firefox.FirefoxDriver
Capabilities [{applicationCacheEnabled=true, rotatable=false, handlesAlerts=true, databaseEnabled=true, version=46.0.1, platform=WINDOWS, nativeEvents=false, acceptSslCerts=true, webStorageEnabled=true, locationContextEnabled=true, browserName=firefox, takesScreenshot=true, javascriptEnabled=true, cssSelectorsEnabled=true}]
Session ID: 72ba4d11-2d5f-423f-8f5c-e7bdd6e197f8
*** Element info: {Using=name, value=password}
	at sun.reflect.NativeConstructorAccessorImpl.newInstance0(Native Method)
	at sun.reflect.NativeConstructorAccessorImpl.newInstance(NativeConstructorAccessorImpl.java:62)
	at sun.reflect.DelegatingConstructorAccessorImpl.newInstance(DelegatingConstructorAccessorImpl.java:45)
	at java.lang.reflect.Constructor.newInstance(Constructor.java:423)
	at org.openqa.selenium.remote.ErrorHandler.createThrowable(ErrorHandler.java:206)
	at org.openqa.selenium.remote.ErrorHandler.throwIfResponseFailed(ErrorHandler.java:158)
	at org.openqa.selenium.remote.RemoteWebDriver.execute(RemoteWebDriver.java:678)
	at org.openqa.selenium.remote.RemoteWebDriver.findElement(RemoteWebDriver.java:363)
	at org.openqa.selenium.remote.RemoteWebDriver.findElementByName(RemoteWebDriver.java:461)
	at org.openqa.selenium.By$ByName.findElement(By.java:303)
	at org.openqa.selenium.remote.RemoteWebDriver.findElement(RemoteWebDriver.java:355)
	at com.apex.test.GoogleLoginTest.testWithSucessInput(GoogleLoginTest.java:33)
Caused by: org.openqa.selenium.NoSuchElementException: Unable to locate element: {&quot;method&quot;:&quot;name&quot;,&quot;selector&quot;:&quot;password&quot;}
For documentation on this error, please visit: http://seleniumhq.org/exceptions/no_such_element.html
Build info: version: &apos;2.53.0&apos;, revision: &apos;35ae25b1534ae328c771e0856c93e187490ca824&apos;, time: &apos;2016-03-15 10:43:46&apos;
System info: host: &apos;LAPTOP-IUSPVIV2&apos;, ip: &apos;192.168.0.14&apos;, os.name: &apos;Windows 10&apos;, os.arch: &apos;amd64&apos;, os.version: &apos;10.0&apos;, java.version: &apos;1.8.0_131&apos;
Driver info: driver.version: unknown
	at &lt;anonymous class&gt;.FirefoxDriver.prototype.findElementInternal_(file:///C:/Users/HP/AppData/Local/Temp/anonymous8026422310727094692webdriver-profile/extensions/fxdriver@googlecode.com/components/driver-component.js:10770)
	at &lt;anonymous class&gt;.FirefoxDriver.prototype.findElement(file:///C:/Users/HP/AppData/Local/Temp/anonymous8026422310727094692webdriver-profile/extensions/fxdriver@googlecode.com/components/driver-component.js:10779)
	at &lt;anonymous class&gt;.DelayedCommand.prototype.executeInternal_/h(file:///C:/Users/HP/AppData/Local/Temp/anonymous8026422310727094692webdriver-profile/extensions/fxdriver@googlecode.com/components/command-processor.js:12661)
	at &lt;anonymous class&gt;.DelayedCommand.prototype.executeInternal_(file:///C:/Users/HP/AppData/Local/Temp/anonymous8026422310727094692webdriver-profile/extensions/fxdriver@googlecode.com/components/command-processor.js:12666)
	at &lt;anonymous class&gt;.DelayedCommand.prototype.execute/&lt;(file:///C:/Users/HP/AppData/Local/Temp/anonymous8026422310727094692webdriver-profile/extensions/fxdriver@googlecode.com/components/command-processor.js:12608)
</failure>
  </testcase>
  <testcase classname="com.apex.test.GoogleLoginTest" name="testWithSucessInput" time="4.875">
    <failure message="Unable to locate element: {&quot;method&quot;:&quot;name&quot;,&quot;selector&quot;:&quot;password&quot;}
Command duration or timeout: 57 milliseconds
For documentation on this error, please visit: http://seleniumhq.org/exceptions/no_such_element.html
Build info: version: &apos;2.53.0&apos;, revision: &apos;35ae25b1534ae328c771e0856c93e187490ca824&apos;, time: &apos;2016-03-15 10:43:46&apos;
System info: host: &apos;LAPTOP-IUSPVIV2&apos;, ip: &apos;192.168.0.14&apos;, os.name: &apos;Windows 10&apos;, os.arch: &apos;amd64&apos;, os.version: &apos;10.0&apos;, java.version: &apos;1.8.0_131&apos;
Driver info: org.openqa.selenium.firefox.FirefoxDriver
Capabilities [{applicationCacheEnabled=true, rotatable=false, handlesAlerts=true, databaseEnabled=true, version=46.0.1, platform=WINDOWS, nativeEvents=false, acceptSslCerts=true, webStorageEnabled=true, locationContextEnabled=true, browserName=firefox, takesScreenshot=true, javascriptEnabled=true, cssSelectorsEnabled=true}]
Session ID: 72ba4d11-2d5f-423f-8f5c-e7bdd6e197f8
*** Element info: {Using=name, value=password}" type="org.openqa.selenium.NoSuchElementException">org.openqa.selenium.NoSuchElementException: Unable to locate element: {&quot;method&quot;:&quot;name&quot;,&quot;selector&quot;:&quot;password&quot;}
Command duration or timeout: 57 milliseconds
For documentation on this error, please visit: http://seleniumhq.org/exceptions/no_such_element.html
Build info: version: &apos;2.53.0&apos;, revision: &apos;35ae25b1534ae328c771e0856c93e187490ca824&apos;, time: &apos;2016-03-15 10:43:46&apos;
System info: host: &apos;LAPTOP-IUSPVIV2&apos;, ip: &apos;192.168.0.14&apos;, os.name: &apos;Windows 10&apos;, os.arch: &apos;amd64&apos;, os.version: &apos;10.0&apos;, java.version: &apos;1.8.0_131&apos;
Driver info: org.openqa.selenium.firefox.FirefoxDriver
Capabilities [{applicationCacheEnabled=true, rotatable=false, handlesAlerts=true, databaseEnabled=true, version=46.0.1, platform=WINDOWS, nativeEvents=false, acceptSslCerts=true, webStorageEnabled=true, locationContextEnabled=true, browserName=firefox, takesScreenshot=true, javascriptEnabled=true, cssSelectorsEnabled=true}]
Session ID: 72ba4d11-2d5f-423f-8f5c-e7bdd6e197f8
*** Element info: {Using=name, value=password}
	at sun.reflect.NativeConstructorAccessorImpl.newInstance0(Native Method)
	at sun.reflect.NativeConstructorAccessorImpl.newInstance(NativeConstructorAccessorImpl.java:62)
	at sun.reflect.DelegatingConstructorAccessorImpl.newInstance(DelegatingConstructorAccessorImpl.java:45)
	at java.lang.reflect.Constructor.newInstance(Constructor.java:423)
	at org.openqa.selenium.remote.ErrorHandler.createThrowable(ErrorHandler.java:206)
	at org.openqa.selenium.remote.ErrorHandler.throwIfResponseFailed(ErrorHandler.java:158)
	at org.openqa.selenium.remote.RemoteWebDriver.execute(RemoteWebDriver.java:678)
	at org.openqa.selenium.remote.RemoteWebDriver.findElement(RemoteWebDriver.java:363)
	at org.openqa.selenium.remote.RemoteWebDriver.findElementByName(RemoteWebDriver.java:461)
	at org.openqa.selenium.By$ByName.findElement(By.java:303)
	at org.openqa.selenium.remote.RemoteWebDriver.findElement(RemoteWebDriver.java:355)
	at com.apex.test.GoogleLoginTest.testWithSucessInput(GoogleLoginTest.java:33)
Caused by: org.openqa.selenium.NoSuchElementException: Unable to locate element: {&quot;method&quot;:&quot;name&quot;,&quot;selector&quot;:&quot;password&quot;}
For documentation on this error, please visit: http://seleniumhq.org/exceptions/no_such_element.html
Build info: version: &apos;2.53.0&apos;, revision: &apos;35ae25b1534ae328c771e0856c93e187490ca824&apos;, time: &apos;2016-03-15 10:43:46&apos;
System info: host: &apos;LAPTOP-IUSPVIV2&apos;, ip: &apos;192.168.0.14&apos;, os.name: &apos;Windows 10&apos;, os.arch: &apos;amd64&apos;, os.version: &apos;10.0&apos;, java.version: &apos;1.8.0_131&apos;
Driver info: driver.version: unknown
	at &lt;anonymous class&gt;.FirefoxDriver.prototype.findElementInternal_(file:///C:/Users/HP/AppData/Local/Temp/anonymous8026422310727094692webdriver-profile/extensions/fxdriver@googlecode.com/components/driver-component.js:10770)
	at &lt;anonymous class&gt;.FirefoxDriver.prototype.findElement(file:///C:/Users/HP/AppData/Local/Temp/anonymous8026422310727094692webdriver-profile/extensions/fxdriver@googlecode.com/components/driver-component.js:10779)
	at &lt;anonymous class&gt;.DelayedCommand.prototype.executeInternal_/h(file:///C:/Users/HP/AppData/Local/Temp/anonymous8026422310727094692webdriver-profile/extensions/fxdriver@googlecode.com/components/command-processor.js:12661)
	at &lt;anonymous class&gt;.DelayedCommand.prototype.executeInternal_(file:///C:/Users/HP/AppData/Local/Temp/anonymous8026422310727094692webdriver-profile/extensions/fxdriver@googlecode.com/components/command-processor.js:12666)
	at &lt;anonymous class&gt;.DelayedCommand.prototype.execute/&lt;(file:///C:/Users/HP/AppData/Local/Temp/anonymous8026422310727094692webdriver-profile/extensions/fxdriver@googlecode.com/components/command-processor.js:12608)
</failure>
  </testcase>
  <testcase classname="com.apex.test.EcommerceLoginTest" name="loginSuccess" time="0">
    <failure type="java.lang.NullPointerException">java.lang.NullPointerException
	at com.apex.test.EcommerceLoginTest.loginSuccess(EcommerceLoginTest.java:11)
</failure>
  </testcase>
  <testcase classname="com.apex.test.EcommerceOrderTest" name="login" time="0">
    <failure type="java.lang.NullPointerException">java.lang.NullPointerException
	at com.apex.test.EcommerceOrderTest.login(EcommerceOrderTest.java:9)
</failure>
  </testcase>
  <testcase classname="com.apex.test.EcommerceLoginTest" name="loginUnsuccess" time="4">
    <failure type="java.lang.NullPointerException">java.lang.NullPointerException
	at com.apex.test.EcommerceLoginTest.loginUnsuccess(EcommerceLoginTest.java:28)
</failure>
  </testcase>
  <testcase classname="com.apex.test.EcommerceOrderTest" name="order" time="0.002">
    <failure type="java.lang.NullPointerException">java.lang.NullPointerException
	at com.apex.test.EcommerceOrderTest.order(EcommerceOrderTest.java:22)
</failure>
  </testcase>
</testsuite>