<?xml version="1.0" encoding="UTF-8"?>
<!-- Generated by org.testng.reporters.JUnitXMLReporter -->
<testsuite hostname="LAPTOP-IUSPVIV2" name="Default test" tests="5" failures="0" timestamp="15 Nov 2017 12:08:40 GMT" time="91.144" errors="0">
  <testcase name="googleSearchTest" time="2.905" classname="goodp.Goodp"/>
  <testcase name="googleSearchTest" time="3.431" classname="goodp.Goodp"/>
  <testcase name="googleSearchTest" time="1.061" classname="goodp.Goodp"/>
  <testcase name="googleSearchTest" time="3.106" classname="goodp.Goodp"/>
  <testcase name="googleSearchTest" time="3.281" classname="goodp.Goodp"/>
</testsuite> <!-- Default test -->
