<?xml version="1.0" encoding="UTF-8"?>
<testng-results skipped="0" failed="0" total="1" passed="1">
  <reporter-output>
  </reporter-output>
  <suite name="Default suite" duration-ms="4384" started-at="2017-12-07T06:41:30Z" finished-at="2017-12-07T06:41:35Z">
    <groups>
    </groups>
    <test name="Default test" duration-ms="4384" started-at="2017-12-07T06:41:30Z" finished-at="2017-12-07T06:41:35Z">
      <class name="com.apex.customer.service.test.CustomerServiceTest_Post">
        <test-method status="PASS" signature="f()[pri:0, instance:com.apex.customer.service.test.CustomerServiceTest_Post@5ae9a829]" name="f" duration-ms="4260" started-at="2017-12-06T22:41:31Z" finished-at="2017-12-06T22:41:35Z">
          <reporter-output>
          </reporter-output>
        </test-method> <!-- f -->
      </class> <!-- com.apex.customer.service.test.CustomerServiceTest_Post -->
    </test> <!-- Default test -->
  </suite> <!-- Default suite -->
</testng-results>
