<?xml version="1.0" encoding="UTF-8"?>
<testng-results skipped="0" failed="0" total="4" passed="4">
  <reporter-output>
  </reporter-output>
  <suite name="TestSuite" duration-ms="277136" started-at="2017-11-23T23:27:09Z" finished-at="2017-11-23T23:31:46Z">
    <groups>
    </groups>
    <test name="Firefox" duration-ms="277136" started-at="2017-11-23T23:27:09Z" finished-at="2017-11-23T23:31:46Z">
      <class name="com.apex.pom.ecommerce.test.login.LoginTest">
        <test-method status="PASS" signature="setUp()[pri:0, instance:com.apex.pom.ecommerce.test.login.LoginTest@1593948d]" name="setUp" is-config="true" duration-ms="37326" started-at="2017-11-23T15:27:10Z" finished-at="2017-11-23T15:27:48Z">
          <reporter-output>
          </reporter-output>
        </test-method> <!-- setUp -->
        <test-method status="PASS" signature="sucessfulLogin(java.lang.String, java.lang.String)[pri:0, instance:com.apex.pom.ecommerce.test.login.LoginTest@1593948d]" name="sucessfulLogin" duration-ms="25230" started-at="2017-11-23T15:27:48Z" data-provider="getData" finished-at="2017-11-23T15:28:13Z">
          <params>
            <param index="0">
              <value>
                <![CDATA[Mehta@rocking.com]]>
              </value>
            </param>
            <param index="1">
              <value>
                <![CDATA[1234]]>
              </value>
            </param>
          </params>
          <reporter-output>
          </reporter-output>
        </test-method> <!-- sucessfulLogin -->
        <test-method status="PASS" signature="cleanUp()[pri:0, instance:com.apex.pom.ecommerce.test.login.LoginTest@1593948d]" name="cleanUp" is-config="true" duration-ms="28" started-at="2017-11-23T15:28:13Z" finished-at="2017-11-23T15:28:13Z">
          <reporter-output>
          </reporter-output>
        </test-method> <!-- cleanUp -->
      </class> <!-- com.apex.pom.ecommerce.test.login.LoginTest -->
      <class name="com.apex.pom.ecommerce.test.Order.OrderTest">
        <test-method status="PASS" signature="setUp()[pri:0, instance:com.apex.pom.ecommerce.test.Order.OrderTest@1b604f19]" name="setUp" is-config="true" duration-ms="14469" started-at="2017-11-23T15:28:13Z" finished-at="2017-11-23T15:28:27Z">
          <reporter-output>
          </reporter-output>
        </test-method> <!-- setUp -->
        <test-method status="PASS" signature="orderTest()[pri:2, instance:com.apex.pom.ecommerce.test.Order.OrderTest@1b604f19]" name="orderTest" duration-ms="68759" started-at="2017-11-23T15:28:27Z" finished-at="2017-11-23T15:29:36Z">
          <reporter-output>
          </reporter-output>
        </test-method> <!-- orderTest -->
        <test-method status="PASS" signature="cleanUp()[pri:0, instance:com.apex.pom.ecommerce.test.Order.OrderTest@1b604f19]" name="cleanUp" is-config="true" duration-ms="40" started-at="2017-11-23T15:29:36Z" finished-at="2017-11-23T15:29:36Z">
          <reporter-output>
          </reporter-output>
        </test-method> <!-- cleanUp -->
      </class> <!-- com.apex.pom.ecommerce.test.Order.OrderTest -->
      <class name="com.apex.pom.ecommerce.test.Registration.RegistrationTest">
        <test-method status="PASS" signature="setUp()[pri:0, instance:com.apex.pom.ecommerce.test.Registration.RegistrationTest@7823a2f9]" name="setUp" is-config="true" duration-ms="17524" started-at="2017-11-23T15:29:36Z" finished-at="2017-11-23T15:29:54Z">
          <reporter-output>
          </reporter-output>
        </test-method> <!-- setUp -->
        <test-method status="PASS" signature="test1(java.lang.String, java.lang.String, java.lang.String, java.lang.String, java.lang.String, java.lang.String, java.lang.String, java.lang.String, java.lang.String, java.lang.String, java.lang.String, java.lang.String, java.lang.String, java.lang.String, java.lang.String, java.lang.String)[pri:0, instance:com.apex.pom.ecommerce.test.Registration.RegistrationTest@7823a2f9]" name="test1" duration-ms="48958" started-at="2017-11-23T15:29:54Z" data-provider="read" finished-at="2017-11-23T15:30:43Z">
          <params>
            <param index="0">
              <value>
                <![CDATA[ram]]>
              </value>
            </param>
            <param index="1">
              <value>
                <![CDATA[ramsay]]>
              </value>
            </param>
            <param index="2">
              <value>
                <![CDATA[1]]>
              </value>
            </param>
            <param index="3">
              <value>
                <![CDATA[8]]>
              </value>
            </param>
            <param index="4">
              <value>
                <![CDATA[1988]]>
              </value>
            </param>
            <param index="5">
              <value>
                <![CDATA[ram@yahoo.com]]>
              </value>
            </param>
            <param index="6">
              <value>
                <![CDATA[5]]>
              </value>
            </param>
            <param index="7">
              <value>
                <![CDATA[ramgali]]>
              </value>
            </param>
            <param index="8">
              <value>
                <![CDATA[bay area ]]>
              </value>
            </param>
            <param index="9">
              <value>
                <![CDATA[ca]]>
              </value>
            </param>
            <param index="10">
              <value>
                <![CDATA[]]>
              </value>
            </param>
            <param index="11">
              <value>
                <![CDATA[39564]]>
              </value>
            </param>
            <param index="12">
              <value>
                <![CDATA[1253654569]]>
              </value>
            </param>
            <param index="13">
              <value>
                <![CDATA[2254695854]]>
              </value>
            </param>
            <param index="14">
              <value>
                <![CDATA[ram]]>
              </value>
            </param>
            <param index="15">
              <value>
                <![CDATA[ram]]>
              </value>
            </param>
          </params>
          <reporter-output>
          </reporter-output>
        </test-method> <!-- test1 -->
        <test-method status="PASS" signature="cleanUp()[pri:0, instance:com.apex.pom.ecommerce.test.Registration.RegistrationTest@7823a2f9]" name="cleanUp" is-config="true" duration-ms="99" started-at="2017-11-23T15:30:43Z" finished-at="2017-11-23T15:30:43Z">
          <reporter-output>
          </reporter-output>
        </test-method> <!-- cleanUp -->
        <test-method status="PASS" signature="setUp()[pri:0, instance:com.apex.pom.ecommerce.test.Registration.RegistrationTest@7823a2f9]" name="setUp" is-config="true" duration-ms="13460" started-at="2017-11-23T15:30:43Z" finished-at="2017-11-23T15:30:56Z">
          <reporter-output>
          </reporter-output>
        </test-method> <!-- setUp -->
        <test-method status="PASS" signature="test1(java.lang.String, java.lang.String, java.lang.String, java.lang.String, java.lang.String, java.lang.String, java.lang.String, java.lang.String, java.lang.String, java.lang.String, java.lang.String, java.lang.String, java.lang.String, java.lang.String, java.lang.String, java.lang.String)[pri:0, instance:com.apex.pom.ecommerce.test.Registration.RegistrationTest@7823a2f9]" name="test1" duration-ms="49741" started-at="2017-11-23T15:30:56Z" data-provider="read" finished-at="2017-11-23T15:31:46Z">
          <params>
            <param index="0">
              <value>
                <![CDATA[rahim]]>
              </value>
            </param>
            <param index="1">
              <value>
                <![CDATA[abdul]]>
              </value>
            </param>
            <param index="2">
              <value>
                <![CDATA[2]]>
              </value>
            </param>
            <param index="3">
              <value>
                <![CDATA[9]]>
              </value>
            </param>
            <param index="4">
              <value>
                <![CDATA[1987]]>
              </value>
            </param>
            <param index="5">
              <value>
                <![CDATA[rahim@yahoo.com]]>
              </value>
            </param>
            <param index="6">
              <value>
                <![CDATA[5]]>
              </value>
            </param>
            <param index="7">
              <value>
                <![CDATA[rahimgali]]>
              </value>
            </param>
            <param index="8">
              <value>
                <![CDATA[south]]>
              </value>
            </param>
            <param index="9">
              <value>
                <![CDATA[ca]]>
              </value>
            </param>
            <param index="10">
              <value>
                <![CDATA[]]>
              </value>
            </param>
            <param index="11">
              <value>
                <![CDATA[25469]]>
              </value>
            </param>
            <param index="12">
              <value>
                <![CDATA[2546585854]]>
              </value>
            </param>
            <param index="13">
              <value>
                <![CDATA[2135487575]]>
              </value>
            </param>
            <param index="14">
              <value>
                <![CDATA[rahim]]>
              </value>
            </param>
            <param index="15">
              <value>
                <![CDATA[rahim]]>
              </value>
            </param>
          </params>
          <reporter-output>
          </reporter-output>
        </test-method> <!-- test1 -->
        <test-method status="PASS" signature="cleanUp()[pri:0, instance:com.apex.pom.ecommerce.test.Registration.RegistrationTest@7823a2f9]" name="cleanUp" is-config="true" duration-ms="38" started-at="2017-11-23T15:31:46Z" finished-at="2017-11-23T15:31:46Z">
          <reporter-output>
          </reporter-output>
        </test-method> <!-- cleanUp -->
      </class> <!-- com.apex.pom.ecommerce.test.Registration.RegistrationTest -->
    </test> <!-- Firefox -->
  </suite> <!-- TestSuite -->
</testng-results>
