<?xml version="1.0" encoding="UTF-8"?>
<!-- Generated by org.testng.reporters.JUnitXMLReporter -->
<testsuite hostname="LAPTOP-IUSPVIV2" name="Firefox" tests="4" failures="0" timestamp="23 Nov 2017 23:31:46 GMT" time="277.136" errors="0">
  <testcase name="sucessfulLogin" time="25.23" classname="com.apex.pom.ecommerce.test.login.LoginTest"/>
  <testcase name="orderTest" time="68.759" classname="com.apex.pom.ecommerce.test.Order.OrderTest"/>
  <testcase name="test1" time="48.958" classname="com.apex.pom.ecommerce.test.Registration.RegistrationTest"/>
  <testcase name="test1" time="49.741" classname="com.apex.pom.ecommerce.test.Registration.RegistrationTest"/>
</testsuite> <!-- Firefox -->
